

*******************************************************************************
Mon Mar 18 13:24:04 2019


FIT:    data read from "results.txt" using ($1):($2)
        format = x:z
        x range restricted to [0.00000 : 1.00000]
        #datapoints = 5
        residuals are weighted equally (unit weight)

function used for fitting: f1(x)
	f1(x) = a1*x + b1
fitted parameters initialized with current variable values

iter      chisq       delta/lim  lambda   a1            b1           
   0 5.9779309207e+01   0.00e+00  8.23e-01    1.000000e+00   1.000000e+00
   4 2.5009952443e-01  -2.24e-02  8.23e-05   -1.752019e+01   1.305616e+01

After 4 iterations the fit converged.
final sum of squares of residuals : 0.2501
rel. change during last iteration : -2.24412e-07

degrees of freedom    (FIT_NDF)                        : 3
rms of residuals      (FIT_STDFIT) = sqrt(WSSR/ndf)    : 0.288733
variance of residuals (reduced chisquare) = WSSR/ndf   : 0.0833665

Final set of parameters            Asymptotic Standard Error
=======================            ==========================
a1              = -17.5202         +/- 0.7664       (4.374%)
b1              = 13.0562          +/- 0.4566       (3.497%)

correlation matrix of the fit parameters:
                a1     b1     
a1              1.000 
b1             -0.959  1.000 


*******************************************************************************
Mon Mar 18 13:25:27 2019


FIT:    data read from "results.txt" using ($1):($2)
        format = x:z
        x range restricted to [0.00000 : 1.00000]
        #datapoints = 5
        residuals are weighted equally (unit weight)

function used for fitting: f1(x)
	f1(x) = a1*x + b1
fitted parameters initialized with current variable values

iter      chisq       delta/lim  lambda   a1            b1           
   0 2.5009952443e-01   0.00e+00  1.18e+01   -1.752019e+01   1.305616e+01
   1 2.5009952443e-01  -1.55e-10  1.18e+00   -1.752019e+01   1.305616e+01

After 1 iterations the fit converged.
final sum of squares of residuals : 0.2501
rel. change during last iteration : -1.55369e-15

degrees of freedom    (FIT_NDF)                        : 3
rms of residuals      (FIT_STDFIT) = sqrt(WSSR/ndf)    : 0.288733
variance of residuals (reduced chisquare) = WSSR/ndf   : 0.0833665

Final set of parameters            Asymptotic Standard Error
=======================            ==========================
a1              = -17.5202         +/- 0.7664       (4.374%)
b1              = 13.0562          +/- 0.4566       (3.497%)

correlation matrix of the fit parameters:
                a1     b1     
a1              1.000 
b1             -0.959  1.000 


*******************************************************************************
Mon Mar 18 13:42:08 2019


FIT:    data read from "results.txt" using ($1):($3)
        format = x:z
        x range restricted to [0.00000 : 1.00000]
        #datapoints = 5
        residuals are weighted equally (unit weight)

function used for fitting: f1(x)
	f1(x) = a1*x + b1
fitted parameters initialized with current variable values

iter      chisq       delta/lim  lambda   a1            b1           
   0 5.4459269921e+01   0.00e+00  8.23e-01    1.000000e+00   1.000000e+00
   4 8.7428377966e-01  -9.55e-04  8.23e-05   -7.672664e+00   3.026685e+00

After 4 iterations the fit converged.
final sum of squares of residuals : 0.874284
rel. change during last iteration : -9.54551e-09

degrees of freedom    (FIT_NDF)                        : 3
rms of residuals      (FIT_STDFIT) = sqrt(WSSR/ndf)    : 0.539841
variance of residuals (reduced chisquare) = WSSR/ndf   : 0.291428

Final set of parameters            Asymptotic Standard Error
=======================            ==========================
a1              = -7.67266         +/- 1.433        (18.67%)
b1              = 3.02668          +/- 0.8537       (28.2%)

correlation matrix of the fit parameters:
                a1     b1     
a1              1.000 
b1             -0.959  1.000 


*******************************************************************************
Mon Mar 18 13:42:34 2019


FIT:    data read from "results.txt" using ($1):($3)
        format = x:z
        x range restricted to [0.00000 : 1.00000]
        #datapoints = 5
        residuals are weighted equally (unit weight)

function used for fitting: f1(x)
	f1(x) = a1*x + b1
fitted parameters initialized with current variable values

iter      chisq       delta/lim  lambda   a1            b1           
   0 8.7428377966e-01   0.00e+00  3.88e+00   -7.672664e+00   3.026685e+00
   1 8.7428377966e-01  -1.27e-11  3.88e-01   -7.672664e+00   3.026685e+00

After 1 iterations the fit converged.
final sum of squares of residuals : 0.874284
rel. change during last iteration : -1.26987e-16

degrees of freedom    (FIT_NDF)                        : 3
rms of residuals      (FIT_STDFIT) = sqrt(WSSR/ndf)    : 0.539841
variance of residuals (reduced chisquare) = WSSR/ndf   : 0.291428

Final set of parameters            Asymptotic Standard Error
=======================            ==========================
a1              = -7.67266         +/- 1.433        (18.67%)
b1              = 3.02668          +/- 0.8537       (28.2%)

correlation matrix of the fit parameters:
                a1     b1     
a1              1.000 
b1             -0.959  1.000 


*******************************************************************************
Mon Mar 18 13:43:17 2019


FIT:    data read from "results.txt" using ($1):($2)
        format = x:z
        x range restricted to [0.00000 : 1.00000]
        #datapoints = 5
        residuals are weighted equally (unit weight)

function used for fitting: f1(x)
	f1(x) = a1*x + b1
fitted parameters initialized with current variable values

iter      chisq       delta/lim  lambda   a1            b1           
   0 1.1090110263e+02   0.00e+00  3.88e+00   -7.672664e+00   3.026685e+00
   4 2.5009952443e-01  -9.20e-03  3.88e-04   -1.752019e+01   1.305616e+01

After 4 iterations the fit converged.
final sum of squares of residuals : 0.2501
rel. change during last iteration : -9.1981e-08

degrees of freedom    (FIT_NDF)                        : 3
rms of residuals      (FIT_STDFIT) = sqrt(WSSR/ndf)    : 0.288733
variance of residuals (reduced chisquare) = WSSR/ndf   : 0.0833665

Final set of parameters            Asymptotic Standard Error
=======================            ==========================
a1              = -17.5202         +/- 0.7664       (4.374%)
b1              = 13.0562          +/- 0.4566       (3.497%)

correlation matrix of the fit parameters:
                a1     b1     
a1              1.000 
b1             -0.959  1.000 


*******************************************************************************
Mon Mar 18 13:43:30 2019


FIT:    data read from "results.txt" using ($1):($3)
        format = x:z
        x range restricted to [0.00000 : 1.00000]
        #datapoints = 5
        residuals are weighted equally (unit weight)

function used for fitting: f1(x)
	f1(x) = a1*x + b1
fitted parameters initialized with current variable values

iter      chisq       delta/lim  lambda   a1            b1           
   0 1.1152528687e+02   0.00e+00  1.18e+01   -1.752019e+01   1.305616e+01
   4 8.7428377966e-01  -1.17e-03  1.18e-03   -7.672664e+00   3.026685e+00

After 4 iterations the fit converged.
final sum of squares of residuals : 0.874284
rel. change during last iteration : -1.1672e-08

degrees of freedom    (FIT_NDF)                        : 3
rms of residuals      (FIT_STDFIT) = sqrt(WSSR/ndf)    : 0.539841
variance of residuals (reduced chisquare) = WSSR/ndf   : 0.291428

Final set of parameters            Asymptotic Standard Error
=======================            ==========================
a1              = -7.67266         +/- 1.433        (18.67%)
b1              = 3.02668          +/- 0.8537       (28.2%)

correlation matrix of the fit parameters:
                a1     b1     
a1              1.000 
b1             -0.959  1.000 
